18:23:40 MainThread INFO: Log file will be saved to: simulation_logs/drone_sim_20250519-182340.log
18:23:40 MainThread INFO: MessageBroker initialized
18:23:40 MainThread INFO: Drone D1 initialized at true_pos Pos(x=3.12, y=4.21, z=1.12), Group: 0, Leader: True
18:23:40 MainThread INFO: Drone D2 initialized at true_pos Pos(x=2.56, y=3.57, z=2.09), Group: 0, Leader: False
18:23:40 MainThread INFO: Drone D3 initialized at true_pos Pos(x=2.08, y=0.09, z=1.28), Group: 0, Leader: False
18:23:40 Drone-D1 INFO: Drone D1 thread started.
18:23:40 Drone-D2 INFO: Drone D2 thread started.
18:23:40 Drone-D3 INFO: Drone D3 thread started.
18:23:40 MainThread INFO: --- Simulation starting for 10.0s effective (10.0s wall clock) ---
18:23:41 MainThread INFO: SimTimeEff: 1.0s - Credits (Proposals/Rejections): {'D1': '70.0 (P:0,R:0)', 'D2': '70.0 (P:0,R:0)', 'D3': '70.0 (P:0,R:0)'}
18:23:42 MainThread INFO: SimTimeEff: 2.0s - Credits (Proposals/Rejections): {'D1': '70.0 (P:0,R:0)', 'D2': '70.0 (P:0,R:0)', 'D3': '70.0 (P:0,R:0)'}
18:23:43 MainThread INFO: SimTimeEff: 3.0s - Credits (Proposals/Rejections): {'D1': '70.0 (P:0,R:0)', 'D2': '70.0 (P:0,R:0)', 'D3': '70.0 (P:0,R:0)'}
18:23:44 MainThread INFO: SimTimeEff: 4.0s - Credits (Proposals/Rejections): {'D1': '70.0 (P:0,R:0)', 'D2': '70.0 (P:0,R:0)', 'D3': '70.0 (P:0,R:0)'}
18:23:45 Drone-D2 INFO: D2 initiating position consensus (Total proposals: 1).
18:23:45 Drone-D2 INFO: D2 sent REQUEST to leader D1 for sensed_pos Pos(x=2.61, y=3.66, z=2.09) (Input Accurate GT: True)
18:23:45 Drone-D1 INFO: Leader D1 received REQUEST from D2 (proposing Pos(x=2.61, y=3.66, z=2.09), InputAccGT: True)
18:23:45 Drone-D1 INFO: Leader D1 sent PRE_PREPARE (seq:0) for D2
18:23:45 Drone-D3 INFO: Candidate D3 received PRE_PREPARE from D1 for D2 (pos: Pos(x=2.61, y=3.66, z=2.09), InputAccGT: True)
18:23:45 Drone-D2 INFO: Candidate D2 received PRE_PREPARE from D1 for D2 (pos: Pos(x=2.61, y=3.66, z=2.09), InputAccGT: True)
18:23:45 Drone-D3 INFO: Candidate D3 determined local consistency for D2 (seq:0) as True
18:23:45 Drone-D2 WARNING: D2 (validating D2): Cannot robustly verify abs. pos of D2, no current rel. meas. for D2.
18:23:45 Drone-D3 INFO: Candidate D3 sent INTRA_PREPARE (seq:0) to leader D1 with flag True
18:23:45 Drone-D2 INFO: Candidate D2 determined local consistency for D2 (seq:0) as True
18:23:45 Drone-D2 INFO: Candidate D2 sent INTRA_PREPARE (seq:0) to leader D1 with flag True
18:23:45 Drone-D1 INFO: Leader D1 received INTRA_PREPARE from D3 (seq:0) flag:True (InputAccGT: True)
18:23:45 Drone-D1 INFO: Leader D1 received INTRA_PREPARE from D2 (seq:0) flag:True (InputAccGT: True)
18:23:45 Drone-D1 INFO: Leader D1 (seq:0): PREPARE phase complete. Votes: {'D3': True, 'D2': True}. Consistent: 2/2. Group Decision: True
18:23:45 Drone-D1 INFO: Leader D1 sent INTRA_COMMIT (seq:0) with group_decision True
18:23:45 Drone-D3 INFO: Candidate D3 received INTRA_COMMIT from D1 (seq:0) group_decision:True (InputAccGT: True)
18:23:45 Drone-D1 INFO: Leader D1 received INTRA_COMMIT from D1 (seq:0) group_decision:True (InputAccGT: True)
18:23:45 Drone-D2 INFO: Candidate D2 received INTRA_COMMIT from D1 (seq:0) group_decision:True (InputAccGT: True)
18:23:45 Drone-D3 INFO: Candidate D3: Accepted group OK for D2 (seq:0). Pos:Pos(x=2.61, y=3.66, z=2.09)
18:23:45 Drone-D1 CRITICAL: Leader D1: CONSENSUS SUCCEEDED for D2 (seq:0) Pos:Pos(x=2.61, y=3.66, z=2.09). GroupOK.
18:23:45 Drone-D2 INFO: Candidate D2: Accepted group OK for D2 (seq:0). Pos:Pos(x=2.61, y=3.66, z=2.09)
18:23:45 Drone-D3 INFO: Credit for D3 70.0 -> 70.5 due to: Participated valid D2 (seq 0)
18:23:45 Drone-D1 INFO: Credit for D1 70.0 -> 71.0 due to: Managed valid D2 (seq 0)
18:23:45 Drone-D2 INFO: Credit for D2 70.0 -> 70.5 due to: Participated valid D2 (seq 0)
18:23:45 Drone-D1 INFO: Credit for D2 70.5 -> 72.5 due to: My pos validated (seq 0)
18:23:45 MainThread INFO: SimTimeEff: 5.0s - Credits (Proposals/Rejections): {'D1': '71.0 (P:0,R:0)', 'D2': '72.5 (P:1,R:0)', 'D3': '70.5 (P:0,R:0)'}
18:23:46 Drone-D2 INFO: D2 initiating position consensus (Total proposals: 2).
18:23:46 Drone-D3 INFO: D3 initiating position consensus (Total proposals: 1).
18:23:46 Drone-D2 INFO: D2 sent REQUEST to leader D1 for sensed_pos Pos(x=2.56, y=3.52, z=2.09) (Input Accurate GT: True)
18:23:46 Drone-D3 WARNING: D3 ABS POS SENSOR ERROR INJECTED. True:Pos(x=2.09, y=-0.07, z=1.28), Sensed:Pos(x=2.78, y=0.82, z=1.28)
18:23:46 Drone-D3 WARNING: D3 REL POS SENSOR ERROR INJECTED measuring D2. TrueVec:Vec(dx=0.47, dy=3.59, dz=0.81), SensedVec:Vec(dx=0.15, dy=3.84, dz=0.81)
18:23:46 Drone-D3 INFO: D3 sent REQUEST to leader D1 for sensed_pos Pos(x=2.78, y=0.82, z=1.28) (Input Accurate GT: False)
18:23:46 Drone-D1 INFO: Leader D1 received REQUEST from D2 (proposing Pos(x=2.56, y=3.52, z=2.09), InputAccGT: True)
18:23:46 Drone-D1 INFO: Leader D1 sent PRE_PREPARE (seq:1) for D2
18:23:46 Drone-D3 INFO: Candidate D3 received PRE_PREPARE from D1 for D2 (pos: Pos(x=2.56, y=3.52, z=2.09), InputAccGT: True)
18:23:46 Drone-D3 WARNING: D3 REL POS SENSOR ERROR INJECTED measuring D2. TrueVec:Vec(dx=0.47, dy=3.59, dz=0.81), SensedVec:Vec(dx=0.08, dy=2.99, dz=0.81)
18:23:46 Drone-D3 WARNING: D3 (validating D2): Rel. meas inconsistency. A's_meas_of_me:Vec(dx=-0.48, dy=-3.49, dz=-0.81), My_meas_of_A(neg):Vec(dx=-0.08, dy=-2.99, dz=-0.81)
18:23:46 Drone-D3 INFO: Candidate D3 determined local consistency for D2 (seq:1) as False
18:23:46 Drone-D3 INFO: Candidate D3 sent INTRA_PREPARE (seq:1) to leader D1 with flag False
18:23:46 Drone-D2 INFO: Candidate D2 received PRE_PREPARE from D1 for D2 (pos: Pos(x=2.56, y=3.52, z=2.09), InputAccGT: True)
18:23:46 Drone-D2 WARNING: D2 REL POS SENSOR ERROR INJECTED measuring D1. TrueVec:Vec(dx=0.49, dy=0.75, dz=-0.97), SensedVec:Vec(dx=0.40, dy=0.03, dz=-0.97)
18:23:46 Drone-D2 WARNING: D2 (validating D2): Cannot robustly verify abs. pos of D2, no current rel. meas. for D2.
18:23:46 Drone-D2 INFO: Candidate D2 determined local consistency for D2 (seq:1) as True
18:23:46 Drone-D2 INFO: Candidate D2 sent INTRA_PREPARE (seq:1) to leader D1 with flag True
18:23:46 Drone-D1 INFO: Leader D1 received REQUEST from D3 (proposing Pos(x=2.78, y=0.82, z=1.28), InputAccGT: False)
18:23:46 Drone-D1 WARNING: Leader D1 busy with (0, 1), ignoring new request
18:23:46 Drone-D1 INFO: Leader D1 received INTRA_PREPARE from D3 (seq:1) flag:False (InputAccGT: True)
18:23:46 Drone-D1 INFO: Leader D1 received INTRA_PREPARE from D2 (seq:1) flag:True (InputAccGT: True)
18:23:46 Drone-D1 INFO: Leader D1 (seq:1): PREPARE phase complete. Votes: {'D3': False, 'D2': True}. Consistent: 1/2. Group Decision: False
18:23:46 Drone-D1 INFO: Leader D1 sent INTRA_COMMIT (seq:1) with group_decision False
18:23:46 Drone-D1 INFO: Leader D1 received INTRA_COMMIT from D1 (seq:1) group_decision:False (InputAccGT: True)
18:23:46 Drone-D1 ERROR: STAT: FALSE NEGATIVE! Proposer D2 (seq:1) teve entrada CORRETA, mas não foi validada pelo grupo.
18:23:46 Drone-D1 CRITICAL: Leader D1: CONSENSUS: Position for D2 (seq:1) REJECTED. Proposed:Pos(x=2.56, y=3.52, z=2.09)
18:23:46 Drone-D1 INFO: Credit for D1 71.0 -> 71.5 due to: Managed rejected D2 (seq 1)
18:23:46 Drone-D1 INFO: Credit for D2 72.5 -> 67.5 due to: My pos rejected (seq 1)
18:23:46 Drone-D3 INFO: Candidate D3 received INTRA_COMMIT from D1 (seq:1) group_decision:False (InputAccGT: True)
18:23:46 Drone-D3 INFO: Candidate D3: Accepted group REJECTION for D2 (seq:1).
18:23:46 Drone-D3 INFO: Credit for D3 70.5 -> 70.7 due to: Participated rejected D2 (seq 1)
18:23:46 Drone-D2 INFO: Candidate D2 received INTRA_COMMIT from D1 (seq:1) group_decision:False (InputAccGT: True)
18:23:46 Drone-D2 INFO: Candidate D2: Accepted group REJECTION for D2 (seq:1).
18:23:46 Drone-D2 INFO: Credit for D2 67.5 -> 67.7 due to: Participated rejected D2 (seq 1)
18:23:46 MainThread INFO: SimTimeEff: 6.0s - Credits (Proposals/Rejections): {'D1': '71.5 (P:0,R:0)', 'D2': '67.7 (P:2,R:1)', 'D3': '70.7 (P:1,R:0)'}
18:23:47 MainThread INFO: SimTimeEff: 7.0s - Credits (Proposals/Rejections): {'D1': '71.5 (P:0,R:0)', 'D2': '67.7 (P:2,R:1)', 'D3': '70.7 (P:1,R:0)'}
18:23:48 Drone-D3 INFO: D3 initiating position consensus (Total proposals: 2).
18:23:48 Drone-D3 INFO: D3 sent REQUEST to leader D1 for sensed_pos Pos(x=2.06, y=-0.09, z=1.28) (Input Accurate GT: True)
18:23:48 Drone-D1 INFO: Leader D1 received REQUEST from D3 (proposing Pos(x=2.06, y=-0.09, z=1.28), InputAccGT: True)
18:23:48 Drone-D1 INFO: Leader D1 sent PRE_PREPARE (seq:2) for D3
18:23:48 Drone-D2 INFO: Candidate D2 received PRE_PREPARE from D1 for D3 (pos: Pos(x=2.06, y=-0.09, z=1.28), InputAccGT: True)
18:23:48 Drone-D2 INFO: Candidate D2 determined local consistency for D3 (seq:2) as True
18:23:48 Drone-D2 INFO: Candidate D2 sent INTRA_PREPARE (seq:2) to leader D1 with flag True
18:23:48 Drone-D3 INFO: Candidate D3 received PRE_PREPARE from D1 for D3 (pos: Pos(x=2.06, y=-0.09, z=1.28), InputAccGT: True)
18:23:48 Drone-D3 WARNING: D3 (validating D3): Cannot robustly verify abs. pos of D3, no current rel. meas. for D3.
18:23:48 Drone-D3 INFO: Candidate D3 determined local consistency for D3 (seq:2) as True
18:23:48 Drone-D3 INFO: Candidate D3 sent INTRA_PREPARE (seq:2) to leader D1 with flag True
18:23:48 Drone-D1 INFO: Leader D1 received INTRA_PREPARE from D2 (seq:2) flag:True (InputAccGT: True)
18:23:48 Drone-D1 INFO: Leader D1 received INTRA_PREPARE from D3 (seq:2) flag:True (InputAccGT: True)
18:23:48 Drone-D1 INFO: Leader D1 (seq:2): PREPARE phase complete. Votes: {'D2': True, 'D3': True}. Consistent: 2/2. Group Decision: True
18:23:48 Drone-D1 INFO: Leader D1 sent INTRA_COMMIT (seq:2) with group_decision True
18:23:48 Drone-D2 INFO: Candidate D2 received INTRA_COMMIT from D1 (seq:2) group_decision:True (InputAccGT: True)
18:23:48 Drone-D3 INFO: Candidate D3 received INTRA_COMMIT from D1 (seq:2) group_decision:True (InputAccGT: True)
18:23:48 Drone-D1 INFO: Leader D1 received INTRA_COMMIT from D1 (seq:2) group_decision:True (InputAccGT: True)
18:23:48 Drone-D2 INFO: Candidate D2: Accepted group OK for D3 (seq:2). Pos:Pos(x=2.06, y=-0.09, z=1.28)
18:23:48 Drone-D3 INFO: Candidate D3: Accepted group OK for D3 (seq:2). Pos:Pos(x=2.06, y=-0.09, z=1.28)
18:23:48 Drone-D1 CRITICAL: Leader D1: CONSENSUS SUCCEEDED for D3 (seq:2) Pos:Pos(x=2.06, y=-0.09, z=1.28). GroupOK.
18:23:48 Drone-D2 INFO: Credit for D2 67.7 -> 68.2 due to: Participated valid D3 (seq 2)
18:23:48 Drone-D3 INFO: Credit for D3 70.7 -> 71.2 due to: Participated valid D3 (seq 2)
18:23:48 Drone-D1 INFO: Credit for D1 71.5 -> 72.5 due to: Managed valid D3 (seq 2)
18:23:48 Drone-D1 INFO: Credit for D3 71.2 -> 73.2 due to: My pos validated (seq 2)
18:23:48 Drone-D2 INFO: D2 initiating position consensus (Total proposals: 3).
18:23:48 Drone-D2 INFO: D2 sent REQUEST to leader D1 for sensed_pos Pos(x=2.48, y=3.54, z=2.09) (Input Accurate GT: True)
18:23:48 Drone-D1 INFO: Leader D1 received REQUEST from D2 (proposing Pos(x=2.48, y=3.54, z=2.09), InputAccGT: True)
18:23:48 Drone-D1 INFO: Leader D1 sent PRE_PREPARE (seq:3) for D2
18:23:48 Drone-D2 INFO: Candidate D2 received PRE_PREPARE from D1 for D2 (pos: Pos(x=2.48, y=3.54, z=2.09), InputAccGT: True)
18:23:48 Drone-D3 INFO: Candidate D3 received PRE_PREPARE from D1 for D2 (pos: Pos(x=2.48, y=3.54, z=2.09), InputAccGT: True)
18:23:48 Drone-D2 WARNING: D2 (validating D2): Cannot robustly verify abs. pos of D2, no current rel. meas. for D2.
18:23:48 Drone-D3 INFO: Candidate D3 determined local consistency for D2 (seq:3) as True
18:23:48 Drone-D2 INFO: Candidate D2 determined local consistency for D2 (seq:3) as True
18:23:48 Drone-D3 INFO: Candidate D3 sent INTRA_PREPARE (seq:3) to leader D1 with flag True
18:23:48 Drone-D2 INFO: Candidate D2 sent INTRA_PREPARE (seq:3) to leader D1 with flag True
18:23:48 Drone-D1 INFO: Leader D1 received INTRA_PREPARE from D3 (seq:3) flag:True (InputAccGT: True)
18:23:48 Drone-D1 INFO: Leader D1 received INTRA_PREPARE from D2 (seq:3) flag:True (InputAccGT: True)
18:23:48 Drone-D1 INFO: Leader D1 (seq:3): PREPARE phase complete. Votes: {'D3': True, 'D2': True}. Consistent: 2/2. Group Decision: True
18:23:48 Drone-D1 INFO: Leader D1 sent INTRA_COMMIT (seq:3) with group_decision True
18:23:48 Drone-D1 INFO: Leader D1 received INTRA_COMMIT from D1 (seq:3) group_decision:True (InputAccGT: True)
18:23:48 Drone-D3 INFO: Candidate D3 received INTRA_COMMIT from D1 (seq:3) group_decision:True (InputAccGT: True)
18:23:48 Drone-D2 INFO: Candidate D2 received INTRA_COMMIT from D1 (seq:3) group_decision:True (InputAccGT: True)
18:23:48 Drone-D1 CRITICAL: Leader D1: CONSENSUS SUCCEEDED for D2 (seq:3) Pos:Pos(x=2.48, y=3.54, z=2.09). GroupOK.
18:23:48 Drone-D3 INFO: Candidate D3: Accepted group OK for D2 (seq:3). Pos:Pos(x=2.48, y=3.54, z=2.09)
18:23:48 Drone-D2 INFO: Candidate D2: Accepted group OK for D2 (seq:3). Pos:Pos(x=2.48, y=3.54, z=2.09)
18:23:48 Drone-D1 INFO: Credit for D1 72.5 -> 73.5 due to: Managed valid D2 (seq 3)
18:23:48 Drone-D3 INFO: Credit for D3 73.2 -> 73.7 due to: Participated valid D2 (seq 3)
18:23:48 Drone-D2 INFO: Credit for D2 68.2 -> 68.7 due to: Participated valid D2 (seq 3)
18:23:48 Drone-D1 INFO: Credit for D2 68.7 -> 70.7 due to: My pos validated (seq 3)
18:23:48 MainThread INFO: SimTimeEff: 8.0s - Credits (Proposals/Rejections): {'D1': '73.5 (P:0,R:0)', 'D2': '70.7 (P:3,R:1)', 'D3': '73.7 (P:2,R:0)'}
18:23:49 Drone-D3 INFO: D3 initiating position consensus (Total proposals: 3).
18:23:49 Drone-D3 WARNING: D3 REL POS SENSOR ERROR INJECTED measuring D2. TrueVec:Vec(dx=0.56, dy=3.65, dz=0.81), SensedVec:Vec(dx=0.73, dy=4.14, dz=0.81)
18:23:49 Drone-D3 INFO: D3 sent REQUEST to leader D1 for sensed_pos Pos(x=1.87, y=-0.15, z=1.28) (Input Accurate GT: True)
18:23:49 Drone-D1 INFO: Leader D1 received REQUEST from D3 (proposing Pos(x=1.87, y=-0.15, z=1.28), InputAccGT: True)
18:23:49 Drone-D1 INFO: Leader D1 sent PRE_PREPARE (seq:4) for D3
18:23:49 Drone-D2 INFO: Candidate D2 received PRE_PREPARE from D1 for D3 (pos: Pos(x=1.87, y=-0.15, z=1.28), InputAccGT: True)
18:23:49 Drone-D2 WARNING: D2 REL POS SENSOR ERROR INJECTED measuring D3. TrueVec:Vec(dx=-0.56, dy=-3.65, dz=-0.81), SensedVec:Vec(dx=-0.87, dy=-3.55, dz=-0.81)
18:23:49 Drone-D2 WARNING: D2 (validating D3): Rel. meas inconsistency. A's_meas_of_me:Vec(dx=0.73, dy=4.14, dz=0.81), My_meas_of_A(neg):Vec(dx=0.87, dy=3.55, dz=0.81)
18:23:49 Drone-D2 INFO: Candidate D2 determined local consistency for D3 (seq:4) as False
18:23:49 Drone-D2 INFO: Candidate D2 sent INTRA_PREPARE (seq:4) to leader D1 with flag False
18:23:49 Drone-D3 INFO: Candidate D3 received PRE_PREPARE from D1 for D3 (pos: Pos(x=1.87, y=-0.15, z=1.28), InputAccGT: True)
18:23:49 Drone-D3 WARNING: D3 ABS POS SENSOR ERROR INJECTED. True:Pos(x=1.79, y=-0.08, z=1.28), Sensed:Pos(x=1.77, y=0.30, z=1.28)
18:23:49 Drone-D3 WARNING: D3 REL POS SENSOR ERROR INJECTED measuring D2. TrueVec:Vec(dx=0.65, dy=3.59, dz=0.81), SensedVec:Vec(dx=1.45, dy=3.55, dz=0.81)
18:23:49 Drone-D3 WARNING: D3 (validating D3): Cannot robustly verify abs. pos of D3, no current rel. meas. for D3.
18:23:49 Drone-D3 INFO: Candidate D3 determined local consistency for D3 (seq:4) as True
18:23:49 Drone-D3 INFO: Candidate D3 sent INTRA_PREPARE (seq:4) to leader D1 with flag True
18:23:49 Drone-D1 INFO: Leader D1 received INTRA_PREPARE from D2 (seq:4) flag:False (InputAccGT: True)
18:23:49 Drone-D1 INFO: Leader D1 received INTRA_PREPARE from D3 (seq:4) flag:True (InputAccGT: True)
18:23:49 Drone-D1 INFO: Leader D1 (seq:4): PREPARE phase complete. Votes: {'D2': False, 'D3': True}. Consistent: 1/2. Group Decision: False
18:23:49 Drone-D1 INFO: Leader D1 sent INTRA_COMMIT (seq:4) with group_decision False
18:23:49 Drone-D1 INFO: Leader D1 received INTRA_COMMIT from D1 (seq:4) group_decision:False (InputAccGT: True)
18:23:49 Drone-D1 ERROR: STAT: FALSE NEGATIVE! Proposer D3 (seq:4) teve entrada CORRETA, mas não foi validada pelo grupo.
18:23:49 Drone-D1 CRITICAL: Leader D1: CONSENSUS: Position for D3 (seq:4) REJECTED. Proposed:Pos(x=1.87, y=-0.15, z=1.28)
18:23:49 Drone-D1 INFO: Credit for D1 73.5 -> 74.0 due to: Managed rejected D3 (seq 4)
18:23:49 Drone-D1 INFO: Credit for D3 73.7 -> 68.7 due to: My pos rejected (seq 4)
18:23:49 Drone-D2 INFO: Candidate D2 received INTRA_COMMIT from D1 (seq:4) group_decision:False (InputAccGT: True)
18:23:49 Drone-D3 INFO: Candidate D3 received INTRA_COMMIT from D1 (seq:4) group_decision:False (InputAccGT: True)
18:23:49 Drone-D2 INFO: Candidate D2: Accepted group REJECTION for D3 (seq:4).
18:23:49 Drone-D3 INFO: Candidate D3: Accepted group REJECTION for D3 (seq:4).
18:23:49 Drone-D2 INFO: Credit for D2 70.7 -> 70.9 due to: Participated rejected D3 (seq 4)
18:23:49 Drone-D3 INFO: Credit for D3 68.7 -> 68.9 due to: Participated rejected D3 (seq 4)
18:23:49 MainThread INFO: SimTimeEff: 9.0s - Credits (Proposals/Rejections): {'D1': '74.0 (P:0,R:0)', 'D2': '70.9 (P:3,R:1)', 'D3': '68.9 (P:3,R:1)'}
18:23:50 MainThread INFO: SimTimeEff: 10.0s - Credits (Proposals/Rejections): {'D1': '74.0 (P:0,R:0)', 'D2': '70.9 (P:3,R:1)', 'D3': '68.9 (P:3,R:1)'}
18:23:50 MainThread INFO: --- Simulation ending, stopping drone threads ---
18:23:50 Drone-D3 INFO: Drone D3 thread stopped.
18:23:50 Drone-D2 INFO: Drone D2 thread stopped.
18:23:50 Drone-D1 INFO: Drone D1 thread stopped.
18:23:50 MainThread INFO: --- All drone threads stopped. Simulation finished. ---
18:23:50 MainThread CRITICAL: --- SIMULATION STATISTICS (CONSOLE) ---
18:23:50 MainThread CRITICAL: Total Messages Exchanged: 36
18:23:50 MainThread CRITICAL: Consensus Rounds Initiated: 6
18:23:50 MainThread CRITICAL: Consensus Rounds Completed: 5
18:23:50 MainThread CRITICAL: Simulation Wall Clock Time: 10.09s
18:23:50 MainThread CRITICAL: ------------------------------
18:23:50 MainThread CRITICAL: Validation Performance (baseado na precisão do sensor do propositor):
18:23:50 MainThread CRITICAL:   True Positives: 3
18:23:50 MainThread CRITICAL:   False Positives: 0 << SYSTEM ERROR
18:23:50 MainThread CRITICAL:   True Negatives: 0
18:23:50 MainThread CRITICAL:   False Negatives: 2 << SYSTEM ERROR
18:23:50 MainThread CRITICAL:   Overall Accuracy: 60.00%
18:23:50 MainThread CRITICAL:   Precision: 100.00%
18:23:50 MainThread CRITICAL:   Recall: 60.00%
18:23:50 MainThread CRITICAL:   Specificity: N/A
18:23:50 MainThread CRITICAL: ------------------------------
18:23:50 MainThread CRITICAL: Final Drone Credit Scores:
18:23:50 MainThread CRITICAL:   D1: 74.0
18:23:50 MainThread CRITICAL:   D2: 70.9
18:23:50 MainThread CRITICAL:   D3: 68.9
18:23:50 MainThread CRITICAL: ------------------------------
18:23:50 MainThread CRITICAL: Drone Proposal Performance (Ordenado por Taxa de Rejeição):
18:23:50 MainThread CRITICAL:     D2: 1/3 rejeitados (33.3%)
18:23:50 MainThread CRITICAL:     D3: 1/3 rejeitados (33.3%)
18:23:50 MainThread CRITICAL:     D1: 0/0 rejeitados (0%)
18:23:50 MainThread CRITICAL: --- END OF CONSOLE STATISTICS ---
18:23:50 MainThread INFO: Simulation summary saved to: simulation_results/drone_sim_20250519-182340_summary.json
18:23:50 MainThread INFO: Log file saved to: simulation_logs/drone_sim_20250519-182340.log
